<?xml version="1.0" encoding="UTF-8"?>
<testsuite xmlns:xsi="http://www.w3.org/2001/XMLSchema-instance" xsi:noNamespaceSchemaLocation="https://maven.apache.org/surefire/maven-surefire-plugin/xsd/surefire-test-report-3.0.xsd" version="3.0" name="map.GpxMetadataExtractorTest" time="1.785" tests="1" errors="0" skipped="0" failures="0">
  <properties>
    <property name="java.specification.version" value="21"/>
    <property name="sun.jnu.encoding" value="UTF-8"/>
    <property name="java.class.path" value="/home/ivan/envdev/gpx-to-map/gpx-to-map/target/test-classes:/home/ivan/envdev/gpx-to-map/gpx-to-map/target/classes:/home/ivan/.m2/repository/org/apache/logging/log4j/log4j-core/2.24.1/log4j-core-2.24.1.jar:/home/ivan/.m2/repository/org/apache/logging/log4j/log4j-api/2.24.1/log4j-api-2.24.1.jar:/home/ivan/.m2/repository/io/jenetics/jpx/3.1.0/jpx-3.1.0.jar:/home/ivan/.m2/repository/org/knowm/xchart/xchart/3.8.8/xchart-3.8.8.jar:/home/ivan/.m2/repository/de/erichseifert/vectorgraphics2d/VectorGraphics2D/0.13/VectorGraphics2D-0.13.jar:/home/ivan/.m2/repository/de/rototor/pdfbox/graphics2d/3.0.1/graphics2d-3.0.1.jar:/home/ivan/.m2/repository/org/apache/pdfbox/pdfbox/3.0.1/pdfbox-3.0.1.jar:/home/ivan/.m2/repository/org/apache/pdfbox/pdfbox-io/3.0.1/pdfbox-io-3.0.1.jar:/home/ivan/.m2/repository/org/apache/pdfbox/fontbox/3.0.1/fontbox-3.0.1.jar:/home/ivan/.m2/repository/commons-logging/commons-logging/1.2/commons-logging-1.2.jar:/home/ivan/.m2/repository/com/madgag/animated-gif-lib/1.4/animated-gif-lib-1.4.jar:/home/ivan/.m2/repository/io/github/ibethus/staticmap/staticmap/0.0.3/staticmap-0.0.3.jar:/home/ivan/.m2/repository/org/junit/jupiter/junit-jupiter/5.11.0/junit-jupiter-5.11.0.jar:/home/ivan/.m2/repository/org/junit/jupiter/junit-jupiter-params/5.11.0/junit-jupiter-params-5.11.0.jar:/home/ivan/.m2/repository/org/assertj/assertj-core/3.26.3/assertj-core-3.26.3.jar:/home/ivan/.m2/repository/net/bytebuddy/byte-buddy/1.14.18/byte-buddy-1.14.18.jar:/home/ivan/.m2/repository/org/junit/jupiter/junit-jupiter-engine/5.9.1/junit-jupiter-engine-5.9.1.jar:/home/ivan/.m2/repository/org/junit/platform/junit-platform-engine/1.9.1/junit-platform-engine-1.9.1.jar:/home/ivan/.m2/repository/org/apiguardian/apiguardian-api/1.1.2/apiguardian-api-1.1.2.jar:/home/ivan/.m2/repository/org/junit/jupiter/junit-jupiter-api/5.9.1/junit-jupiter-api-5.9.1.jar:/home/ivan/.m2/repository/org/opentest4j/opentest4j/1.2.0/opentest4j-1.2.0.jar:/home/ivan/.m2/repository/org/junit/platform/junit-platform-commons/1.9.1/junit-platform-commons-1.9.1.jar:/home/ivan/.m2/repository/org/mockito/mockito-junit-jupiter/5.14.1/mockito-junit-jupiter-5.14.1.jar:/home/ivan/.m2/repository/org/mockito/mockito-core/5.14.1/mockito-core-5.14.1.jar:/home/ivan/.m2/repository/net/bytebuddy/byte-buddy-agent/1.15.3/byte-buddy-agent-1.15.3.jar:/home/ivan/.m2/repository/org/objenesis/objenesis/3.3/objenesis-3.3.jar:"/>
    <property name="java.vm.vendor" value="Eclipse Adoptium"/>
    <property name="sun.arch.data.model" value="64"/>
    <property name="java.vendor.url" value="https://adoptium.net/"/>
    <property name="os.name" value="Linux"/>
    <property name="java.vm.specification.version" value="21"/>
    <property name="sun.java.launcher" value="SUN_STANDARD"/>
    <property name="user.country" value="FR"/>
    <property name="sun.boot.library.path" value="/home/ivan/.jdks/temurin-21.0.3/lib"/>
    <property name="sun.java.command" value="/home/ivan/envdev/gpx-to-map/gpx-to-map/target/surefire/surefirebooter-20241003214542555_3.jar /home/ivan/envdev/gpx-to-map/gpx-to-map/target/surefire 2024-10-03T21-45-42_443-jvmRun1 surefire-20241003214542555_1tmp surefire_0-20241003214542555_2tmp"/>
    <property name="jdk.debug" value="release"/>
    <property name="surefire.test.class.path" value="/home/ivan/envdev/gpx-to-map/gpx-to-map/target/test-classes:/home/ivan/envdev/gpx-to-map/gpx-to-map/target/classes:/home/ivan/.m2/repository/org/apache/logging/log4j/log4j-core/2.24.1/log4j-core-2.24.1.jar:/home/ivan/.m2/repository/org/apache/logging/log4j/log4j-api/2.24.1/log4j-api-2.24.1.jar:/home/ivan/.m2/repository/io/jenetics/jpx/3.1.0/jpx-3.1.0.jar:/home/ivan/.m2/repository/org/knowm/xchart/xchart/3.8.8/xchart-3.8.8.jar:/home/ivan/.m2/repository/de/erichseifert/vectorgraphics2d/VectorGraphics2D/0.13/VectorGraphics2D-0.13.jar:/home/ivan/.m2/repository/de/rototor/pdfbox/graphics2d/3.0.1/graphics2d-3.0.1.jar:/home/ivan/.m2/repository/org/apache/pdfbox/pdfbox/3.0.1/pdfbox-3.0.1.jar:/home/ivan/.m2/repository/org/apache/pdfbox/pdfbox-io/3.0.1/pdfbox-io-3.0.1.jar:/home/ivan/.m2/repository/org/apache/pdfbox/fontbox/3.0.1/fontbox-3.0.1.jar:/home/ivan/.m2/repository/commons-logging/commons-logging/1.2/commons-logging-1.2.jar:/home/ivan/.m2/repository/com/madgag/animated-gif-lib/1.4/animated-gif-lib-1.4.jar:/home/ivan/.m2/repository/io/github/ibethus/staticmap/staticmap/0.0.3/staticmap-0.0.3.jar:/home/ivan/.m2/repository/org/junit/jupiter/junit-jupiter/5.11.0/junit-jupiter-5.11.0.jar:/home/ivan/.m2/repository/org/junit/jupiter/junit-jupiter-params/5.11.0/junit-jupiter-params-5.11.0.jar:/home/ivan/.m2/repository/org/assertj/assertj-core/3.26.3/assertj-core-3.26.3.jar:/home/ivan/.m2/repository/net/bytebuddy/byte-buddy/1.14.18/byte-buddy-1.14.18.jar:/home/ivan/.m2/repository/org/junit/jupiter/junit-jupiter-engine/5.9.1/junit-jupiter-engine-5.9.1.jar:/home/ivan/.m2/repository/org/junit/platform/junit-platform-engine/1.9.1/junit-platform-engine-1.9.1.jar:/home/ivan/.m2/repository/org/apiguardian/apiguardian-api/1.1.2/apiguardian-api-1.1.2.jar:/home/ivan/.m2/repository/org/junit/jupiter/junit-jupiter-api/5.9.1/junit-jupiter-api-5.9.1.jar:/home/ivan/.m2/repository/org/opentest4j/opentest4j/1.2.0/opentest4j-1.2.0.jar:/home/ivan/.m2/repository/org/junit/platform/junit-platform-commons/1.9.1/junit-platform-commons-1.9.1.jar:/home/ivan/.m2/repository/org/mockito/mockito-junit-jupiter/5.14.1/mockito-junit-jupiter-5.14.1.jar:/home/ivan/.m2/repository/org/mockito/mockito-core/5.14.1/mockito-core-5.14.1.jar:/home/ivan/.m2/repository/net/bytebuddy/byte-buddy-agent/1.15.3/byte-buddy-agent-1.15.3.jar:/home/ivan/.m2/repository/org/objenesis/objenesis/3.3/objenesis-3.3.jar:"/>
    <property name="sun.cpu.endian" value="little"/>
    <property name="user.home" value="/home/ivan"/>
    <property name="user.language" value="fr"/>
    <property name="java.specification.vendor" value="Oracle Corporation"/>
    <property name="java.version.date" value="2024-04-16"/>
    <property name="java.home" value="/home/ivan/.jdks/temurin-21.0.3"/>
    <property name="file.separator" value="/"/>
    <property name="basedir" value="/home/ivan/envdev/gpx-to-map/gpx-to-map"/>
    <property name="java.vm.compressedOopsMode" value="Zero based"/>
    <property name="line.separator" value="&#10;"/>
    <property name="java.specification.name" value="Java Platform API Specification"/>
    <property name="java.vm.specification.vendor" value="Oracle Corporation"/>
    <property name="surefire.real.class.path" value="/home/ivan/envdev/gpx-to-map/gpx-to-map/target/surefire/surefirebooter-20241003214542555_3.jar"/>
    <property name="sun.management.compiler" value="HotSpot 64-Bit Tiered Compilers"/>
    <property name="java.runtime.version" value="21.0.3+9-LTS"/>
    <property name="user.name" value="ivan"/>
    <property name="stdout.encoding" value="UTF-8"/>
    <property name="path.separator" value=":"/>
    <property name="os.version" value="6.8.0-45-generic"/>
    <property name="java.runtime.name" value="OpenJDK Runtime Environment"/>
    <property name="file.encoding" value="UTF-8"/>
    <property name="java.vm.name" value="OpenJDK 64-Bit Server VM"/>
    <property name="java.vendor.version" value="Temurin-21.0.3+9"/>
    <property name="localRepository" value="/home/ivan/.m2/repository"/>
    <property name="java.vendor.url.bug" value="https://github.com/adoptium/adoptium-support/issues"/>
    <property name="java.io.tmpdir" value="/tmp"/>
    <property name="idea.version" value="2024.2.2"/>
    <property name="java.version" value="21.0.3"/>
    <property name="user.dir" value="/home/ivan/envdev/gpx-to-map/gpx-to-map"/>
    <property name="os.arch" value="amd64"/>
    <property name="java.vm.specification.name" value="Java Virtual Machine Specification"/>
    <property name="native.encoding" value="UTF-8"/>
    <property name="java.library.path" value="/usr/java/packages/lib:/usr/lib64:/lib64:/lib:/usr/lib"/>
    <property name="java.vm.info" value="mixed mode, sharing"/>
    <property name="stderr.encoding" value="UTF-8"/>
    <property name="java.vendor" value="Eclipse Adoptium"/>
    <property name="java.vm.version" value="21.0.3+9-LTS"/>
    <property name="sun.io.unicode.encoding" value="UnicodeLittle"/>
    <property name="java.class.version" value="65.0"/>
  </properties>
  <testcase name="it_should_correctly_extract_metadata" classname="map.GpxMetadataExtractorTest" time="1.764"/>
</testsuite>